<?xml version="1.0" encoding="UTF-8"?>
<!-- Generated by org.testng.reporters.JUnitXMLReporter -->
<testsuite hostname="QAP30-PC" ignored="0" name="Default test" tests="4" failures="0" timestamp="19 Feb 2019 05:43:35 GMT" time="40.204" errors="0">
  <testcase name="login" time="5.312" classname="interviewtest.Testng_Version"/>
  <testcase name="systemSettings" time="2.213" classname="interviewtest.Testng_Version"/>
  <testcase name="addRole" time="7.317" classname="interviewtest.Testng_Version"/>
  <testcase name="addUser" time="6.243" classname="interviewtest.Testng_Version"/>
</testsuite> <!-- Default test -->
